============================= test session starts =============================
platform linux -- Python 3.11.4, pytest-7.4.0, pluggy-1.3.0
rootdir: /tmp/fixture
collected 5 items

tests/foo.py ...                                                          [ 60%]
tests/bar.py FF                                                           [100%]

=========================== short test summary info ============================
FAILED tests/bar.py::test_one - AssertionError
FAILED tests/bar.py::test_two - RuntimeError

========================= 2 failed, 3 passed in 0.50s ==========================
