============================= test session starts =============================
platform linux -- Python 3.11.4, pytest-7.4.0, pluggy-1.3.0
rootdir: /tmp/fixture
collected 3 items

tests/foo.py s                                                            [ 33%]
tests/bar.py s                                                            [ 66%]
tests/baz.py s                                                            [100%]

=========================== short test summary info ============================
SKIPPED [1] tests/foo.py:10: env not set
SKIPPED [1] tests/bar.py:20: feature flag off
SKIPPED [1] tests/baz.py:30: needs prod credentials

============================== 3 skipped in 0.50s ==============================
